build/app/intermediates/manifest_merge_blame_file/release/processReleaseMainManifest/manifest-merger-blame-release-report.txt
1<?xml version="1.0" encoding="utf-8"?>
2<manifest xmlns:android="http://schemas.android.com/apk/res/android"
3    package="com.achdut.app"
4    android:versionCode="18"
5    android:versionName="1.6.1" >
6
7    <uses-sdk
8        android:minSdkVersion="23"
9        android:targetSdkVersion="36" />
10
11    <uses-permission android:name="android.permission.INTERNET" />
11-->src/main/AndroidManifest.xml:4:5-66
11-->src/main/AndroidManifest.xml:4:22-64
12    <uses-permission android:name="android.permission.POST_NOTIFICATIONS" />
12-->src/main/AndroidManifest.xml:5:5-76
12-->src/main/AndroidManifest.xml:5:22-74
13    <uses-permission android:name="android.permission.VIBRATE" />
13-->src/main/AndroidManifest.xml:6:5-65
13-->src/main/AndroidManifest.xml:6:22-63
14    <uses-permission android:name="android.permission.WAKE_LOCK" />
14-->[:firebase_messaging] AndroidManifest.xml:8:5-68
14-->[:firebase_messaging] AndroidManifest.xml:8:22-65
15    <uses-permission android:name="android.permission.ACCESS_NETWORK_STATE" /> <!-- Required by older versions of Google Play services to create IID tokens -->
15-->[:firebase_messaging] AndroidManifest.xml:9:5-79
15-->[:firebase_messaging] AndroidManifest.xml:9:22-76
16    <uses-permission android:name="com.google.android.c2dm.permission.RECEIVE" />
16-->[com.google.firebase:firebase-messaging:24.1.1] AndroidManifest.xml:26:5-82
16-->[com.google.firebase:firebase-messaging:24.1.1] AndroidManifest.xml:26:22-79
17    <uses-permission android:name="com.google.android.providers.gsf.permission.READ_GSERVICES" />
17-->[com.google.android.recaptcha:recaptcha:18.6.1] AndroidManifest.xml:9:5-98
17-->[com.google.android.recaptcha:recaptcha:18.6.1] AndroidManifest.xml:9:22-95
18
19    <permission
19-->[androidx.core:core:1.13.1] AndroidManifest.xml:22:5-24:47
20        android:name="com.achdut.app.DYNAMIC_RECEIVER_NOT_EXPORTED_PERMISSION"
20-->[androidx.core:core:1.13.1] AndroidManifest.xml:23:9-81
21        android:protectionLevel="signature" />
21-->[androidx.core:core:1.13.1] AndroidManifest.xml:24:9-44
22
23    <uses-permission android:name="com.achdut.app.DYNAMIC_RECEIVER_NOT_EXPORTED_PERMISSION" />
23-->[androidx.core:core:1.13.1] AndroidManifest.xml:26:5-97
23-->[androidx.core:core:1.13.1] AndroidManifest.xml:26:22-94
24
25    <application
25-->src/main/AndroidManifest.xml:8:5-68:19
26        android:appComponentFactory="androidx.core.app.CoreComponentFactory"
26-->[androidx.core:core:1.13.1] AndroidManifest.xml:28:18-86
27        android:extractNativeLibs="false"
28        android:icon="@mipmap/ic_launcher"
28-->src/main/AndroidManifest.xml:11:9-43
29        android:label="ACHDUT"
29-->src/main/AndroidManifest.xml:9:9-31
30        android:requestLegacyExternalStorage="true" >
30-->src/main/AndroidManifest.xml:12:9-52
31        <activity
31-->src/main/AndroidManifest.xml:14:9-52:20
32            android:name="com.achdut.app.MainActivity"
32-->src/main/AndroidManifest.xml:15:13-41
33            android:configChanges="orientation|keyboardHidden|keyboard|screenSize|smallestScreenSize|locale|layoutDirection|fontScale|screenLayout|density|uiMode"
33-->src/main/AndroidManifest.xml:19:13-163
34            android:exported="true"
34-->src/main/AndroidManifest.xml:16:13-36
35            android:hardwareAccelerated="true"
35-->src/main/AndroidManifest.xml:20:13-47
36            android:launchMode="singleTop"
36-->src/main/AndroidManifest.xml:17:13-43
37            android:theme="@style/LaunchTheme"
37-->src/main/AndroidManifest.xml:18:13-47
38            android:windowSoftInputMode="adjustResize" >
38-->src/main/AndroidManifest.xml:21:13-55
39
40            <!--
41                 Specifies an Android theme to apply to this Activity as soon as
42                 the Android process has started. This theme is visible to the user
43                 while the Flutter UI initializes. After that, this theme continues
44                 to determine the Window background behind the Flutter UI.
45            -->
46            <meta-data
46-->src/main/AndroidManifest.xml:26:13-29:17
47                android:name="io.flutter.embedding.android.NormalTheme"
47-->src/main/AndroidManifest.xml:27:15-70
48                android:resource="@style/NormalTheme" />
48-->src/main/AndroidManifest.xml:28:15-52
49            <!--
50                 Displays an Android View that continues showing the launch screen
51                 Drawable until Flutter paints its first frame, then this splash
52                 screen fades out. A splash screen is useful to avoid any visual
53                 gap between the end of Android's launch screen and the painting of
54                 Flutter's first frame.
55            -->
56            <meta-data
56-->src/main/AndroidManifest.xml:35:13-38:17
57                android:name="io.flutter.embedding.android.SplashScreenDrawable"
57-->src/main/AndroidManifest.xml:36:15-79
58                android:resource="@drawable/launch_background" />
58-->src/main/AndroidManifest.xml:37:15-61
59
60            <intent-filter>
60-->src/main/AndroidManifest.xml:39:13-42:29
61                <action android:name="android.intent.action.MAIN" />
61-->src/main/AndroidManifest.xml:40:17-68
61-->src/main/AndroidManifest.xml:40:25-66
62
63                <category android:name="android.intent.category.LAUNCHER" />
63-->src/main/AndroidManifest.xml:41:17-76
63-->src/main/AndroidManifest.xml:41:27-74
64            </intent-filter>
65            <!-- Deep linking -->
66            <meta-data
66-->src/main/AndroidManifest.xml:44:13-90
67                android:name="flutter_deeplinking_enabled"
67-->src/main/AndroidManifest.xml:44:24-66
68                android:value="true" />
68-->src/main/AndroidManifest.xml:44:67-87
69
70            <intent-filter android:autoVerify="true" >
70-->src/main/AndroidManifest.xml:45:13-50:29
70-->src/main/AndroidManifest.xml:45:28-53
71                <action android:name="android.intent.action.VIEW" />
71-->src/main/AndroidManifest.xml:46:17-69
71-->src/main/AndroidManifest.xml:46:25-66
72
73                <category android:name="android.intent.category.DEFAULT" />
73-->src/main/AndroidManifest.xml:47:17-76
73-->src/main/AndroidManifest.xml:47:27-73
74                <category android:name="android.intent.category.BROWSABLE" />
74-->src/main/AndroidManifest.xml:48:17-78
74-->src/main/AndroidManifest.xml:48:27-75
75
76                <data
76-->src/main/AndroidManifest.xml:49:17-75
77                    android:host="achdut.com"
77-->src/main/AndroidManifest.xml:49:47-72
78                    android:scheme="achdut" />
78-->src/main/AndroidManifest.xml:49:23-46
79            </intent-filter>
80        </activity>
81
82        <!-- FCM default notification channel -->
83        <meta-data
83-->src/main/AndroidManifest.xml:55:9-57:55
84            android:name="com.google.firebase.messaging.default_notification_channel_id"
84-->src/main/AndroidManifest.xml:56:13-89
85            android:value="high_importance_channel" />
85-->src/main/AndroidManifest.xml:57:13-52
86
87        <!--
88             Don't delete the meta-data below.
89             This is used by the Flutter tool to generate GeneratedPluginRegistrant.java
90        -->
91        <meta-data
91-->src/main/AndroidManifest.xml:61:9-63:33
92            android:name="flutterEmbedding"
92-->src/main/AndroidManifest.xml:62:13-44
93            android:value="2" />
93-->src/main/AndroidManifest.xml:63:13-30
94
95        <!--
96           Declares a provider which allows us to store files to share in
97           '.../caches/share_plus' and grant the receiving action access
98        -->
99        <provider
99-->[:share_plus] AndroidManifest.xml:13:9-21:20
100            android:name="dev.fluttercommunity.plus.share.ShareFileProvider"
100-->[:share_plus] AndroidManifest.xml:14:13-77
101            android:authorities="com.achdut.app.flutter.share_provider"
101-->[:share_plus] AndroidManifest.xml:15:13-74
102            android:exported="false"
102-->[:share_plus] AndroidManifest.xml:16:13-37
103            android:grantUriPermissions="true" >
103-->[:share_plus] AndroidManifest.xml:17:13-47
104            <meta-data
104-->[:share_plus] AndroidManifest.xml:18:13-20:68
105                android:name="android.support.FILE_PROVIDER_PATHS"
105-->[:share_plus] AndroidManifest.xml:19:17-67
106                android:resource="@xml/flutter_share_file_paths" />
106-->[:share_plus] AndroidManifest.xml:20:17-65
107        </provider>
108        <!--
109           This manifest declared broadcast receiver allows us to use an explicit
110           Intent when creating a PendingItent to be informed of the user's choice
111        -->
112        <receiver
112-->[:share_plus] AndroidManifest.xml:26:9-32:20
113            android:name="dev.fluttercommunity.plus.share.SharePlusPendingIntent"
113-->[:share_plus] AndroidManifest.xml:27:13-82
114            android:exported="false" >
114-->[:share_plus] AndroidManifest.xml:28:13-37
115            <intent-filter>
115-->[:share_plus] AndroidManifest.xml:29:13-31:29
116                <action android:name="EXTRA_CHOSEN_COMPONENT" />
116-->[:share_plus] AndroidManifest.xml:30:17-65
116-->[:share_plus] AndroidManifest.xml:30:25-62
117            </intent-filter>
118        </receiver>
119
120        <provider
120-->[:image_picker_android] AndroidManifest.xml:9:9-17:20
121            android:name="io.flutter.plugins.imagepicker.ImagePickerFileProvider"
121-->[:image_picker_android] AndroidManifest.xml:10:13-82
122            android:authorities="com.achdut.app.flutter.image_provider"
122-->[:image_picker_android] AndroidManifest.xml:11:13-74
123            android:exported="false"
123-->[:image_picker_android] AndroidManifest.xml:12:13-37
124            android:grantUriPermissions="true" >
124-->[:image_picker_android] AndroidManifest.xml:13:13-47
125            <meta-data
125-->[:share_plus] AndroidManifest.xml:18:13-20:68
126                android:name="android.support.FILE_PROVIDER_PATHS"
126-->[:share_plus] AndroidManifest.xml:19:17-67
127                android:resource="@xml/flutter_image_picker_file_paths" />
127-->[:share_plus] AndroidManifest.xml:20:17-65
128        </provider> <!-- Trigger Google Play services to install the backported photo picker module. -->
129        <service
129-->[:image_picker_android] AndroidManifest.xml:19:9-31:19
130            android:name="com.google.android.gms.metadata.ModuleDependencies"
130-->[:image_picker_android] AndroidManifest.xml:20:13-78
131            android:enabled="false"
131-->[:image_picker_android] AndroidManifest.xml:21:13-36
132            android:exported="false" >
132-->[:image_picker_android] AndroidManifest.xml:22:13-37
133            <intent-filter>
133-->[:image_picker_android] AndroidManifest.xml:24:13-26:29
134                <action android:name="com.google.android.gms.metadata.MODULE_DEPENDENCIES" />
134-->[:image_picker_android] AndroidManifest.xml:25:17-94
134-->[:image_picker_android] AndroidManifest.xml:25:25-91
135            </intent-filter>
136
137            <meta-data
137-->[:image_picker_android] AndroidManifest.xml:28:13-30:36
138                android:name="photopicker_activity:0:required"
138-->[:image_picker_android] AndroidManifest.xml:29:17-63
139                android:value="" />
139-->[:image_picker_android] AndroidManifest.xml:30:17-33
140        </service>
141
142        <activity
142-->[:url_launcher_android] AndroidManifest.xml:8:9-11:74
143            android:name="io.flutter.plugins.urllauncher.WebViewActivity"
143-->[:url_launcher_android] AndroidManifest.xml:9:13-74
144            android:exported="false"
144-->[:url_launcher_android] AndroidManifest.xml:10:13-37
145            android:theme="@android:style/Theme.NoTitleBar.Fullscreen" />
145-->[:url_launcher_android] AndroidManifest.xml:11:13-71
146
147        <service
147-->[:cloud_firestore] AndroidManifest.xml:8:9-12:19
148            android:name="com.google.firebase.components.ComponentDiscoveryService"
148-->[:cloud_firestore] AndroidManifest.xml:8:18-89
149            android:directBootAware="true"
149-->[com.google.firebase:firebase-common:21.0.0] AndroidManifest.xml:32:13-43
150            android:exported="false" >
150-->[com.google.firebase:firebase-auth:23.2.0] AndroidManifest.xml:68:13-37
151            <meta-data
151-->[:cloud_firestore] AndroidManifest.xml:9:13-11:85
152                android:name="com.google.firebase.components:io.flutter.plugins.firebase.firestore.FlutterFirebaseFirestoreRegistrar"
152-->[:cloud_firestore] AndroidManifest.xml:10:17-134
153                android:value="com.google.firebase.components.ComponentRegistrar" />
153-->[:cloud_firestore] AndroidManifest.xml:11:17-82
154            <meta-data
154-->[:firebase_auth] AndroidManifest.xml:9:13-11:85
155                android:name="com.google.firebase.components:io.flutter.plugins.firebase.auth.FlutterFirebaseAuthRegistrar"
155-->[:firebase_auth] AndroidManifest.xml:10:17-124
156                android:value="com.google.firebase.components.ComponentRegistrar" />
156-->[:firebase_auth] AndroidManifest.xml:11:17-82
157            <meta-data
157-->[:firebase_messaging] AndroidManifest.xml:36:13-38:85
158                android:name="com.google.firebase.components:io.flutter.plugins.firebase.messaging.FlutterFirebaseAppRegistrar"
158-->[:firebase_messaging] AndroidManifest.xml:37:17-128
159                android:value="com.google.firebase.components.ComponentRegistrar" />
159-->[:firebase_messaging] AndroidManifest.xml:38:17-82
160            <meta-data
160-->[:firebase_performance] AndroidManifest.xml:11:13-13:85
161                android:name="com.google.firebase.components:io.flutter.plugins.firebase.performance.FlutterFirebaseAppRegistrar"
161-->[:firebase_performance] AndroidManifest.xml:12:17-130
162                android:value="com.google.firebase.components.ComponentRegistrar" />
162-->[:firebase_performance] AndroidManifest.xml:13:17-82
163            <meta-data
163-->[:firebase_storage] AndroidManifest.xml:9:13-11:85
164                android:name="com.google.firebase.components:io.flutter.plugins.firebase.storage.FlutterFirebaseAppRegistrar"
164-->[:firebase_storage] AndroidManifest.xml:10:17-126
165                android:value="com.google.firebase.components.ComponentRegistrar" />
165-->[:firebase_storage] AndroidManifest.xml:11:17-82
166            <meta-data
166-->[:firebase_core] AndroidManifest.xml:9:13-11:85
167                android:name="com.google.firebase.components:io.flutter.plugins.firebase.core.FlutterFirebaseCoreRegistrar"
167-->[:firebase_core] AndroidManifest.xml:10:17-124
168                android:value="com.google.firebase.components.ComponentRegistrar" />
168-->[:firebase_core] AndroidManifest.xml:11:17-82
169            <meta-data
169-->[com.google.firebase:firebase-auth:23.2.0] AndroidManifest.xml:69:13-71:85
170                android:name="com.google.firebase.components:com.google.firebase.auth.FirebaseAuthRegistrar"
170-->[com.google.firebase:firebase-auth:23.2.0] AndroidManifest.xml:70:17-109
171                android:value="com.google.firebase.components.ComponentRegistrar" />
171-->[com.google.firebase:firebase-auth:23.2.0] AndroidManifest.xml:71:17-82
172            <meta-data
172-->[com.google.firebase:firebase-firestore:25.1.3] AndroidManifest.xml:17:13-19:85
173                android:name="com.google.firebase.components:com.google.firebase.firestore.FirebaseFirestoreKtxRegistrar"
173-->[com.google.firebase:firebase-firestore:25.1.3] AndroidManifest.xml:18:17-122
174                android:value="com.google.firebase.components.ComponentRegistrar" />
174-->[com.google.firebase:firebase-firestore:25.1.3] AndroidManifest.xml:19:17-82
175            <meta-data
175-->[com.google.firebase:firebase-firestore:25.1.3] AndroidManifest.xml:20:13-22:85
176                android:name="com.google.firebase.components:com.google.firebase.firestore.FirestoreRegistrar"
176-->[com.google.firebase:firebase-firestore:25.1.3] AndroidManifest.xml:21:17-111
177                android:value="com.google.firebase.components.ComponentRegistrar" />
177-->[com.google.firebase:firebase-firestore:25.1.3] AndroidManifest.xml:22:17-82
178            <meta-data
178-->[com.google.firebase:firebase-messaging:24.1.1] AndroidManifest.xml:57:13-59:85
179                android:name="com.google.firebase.components:com.google.firebase.messaging.FirebaseMessagingKtxRegistrar"
179-->[com.google.firebase:firebase-messaging:24.1.1] AndroidManifest.xml:58:17-122
180                android:value="com.google.firebase.components.ComponentRegistrar" />
180-->[com.google.firebase:firebase-messaging:24.1.1] AndroidManifest.xml:59:17-82
181            <meta-data
181-->[com.google.firebase:firebase-messaging:24.1.1] AndroidManifest.xml:60:13-62:85
182                android:name="com.google.firebase.components:com.google.firebase.messaging.FirebaseMessagingRegistrar"
182-->[com.google.firebase:firebase-messaging:24.1.1] AndroidManifest.xml:61:17-119
183                android:value="com.google.firebase.components.ComponentRegistrar" />
183-->[com.google.firebase:firebase-messaging:24.1.1] AndroidManifest.xml:62:17-82
184            <meta-data
184-->[com.google.firebase:firebase-perf:21.0.5] AndroidManifest.xml:14:13-16:85
185                android:name="com.google.firebase.components:com.google.firebase.perf.FirebasePerfKtxRegistrar"
185-->[com.google.firebase:firebase-perf:21.0.5] AndroidManifest.xml:15:17-112
186                android:value="com.google.firebase.components.ComponentRegistrar" />
186-->[com.google.firebase:firebase-perf:21.0.5] AndroidManifest.xml:16:17-82
187            <meta-data
187-->[com.google.firebase:firebase-perf:21.0.5] AndroidManifest.xml:17:13-19:85
188                android:name="com.google.firebase.components:com.google.firebase.perf.FirebasePerfRegistrar"
188-->[com.google.firebase:firebase-perf:21.0.5] AndroidManifest.xml:18:17-109
189                android:value="com.google.firebase.components.ComponentRegistrar" />
189-->[com.google.firebase:firebase-perf:21.0.5] AndroidManifest.xml:19:17-82
190            <meta-data
190-->[com.google.firebase:firebase-storage:21.0.1] AndroidManifest.xml:30:13-32:85
191                android:name="com.google.firebase.components:com.google.firebase.storage.FirebaseStorageKtxRegistrar"
191-->[com.google.firebase:firebase-storage:21.0.1] AndroidManifest.xml:31:17-118
192                android:value="com.google.firebase.components.ComponentRegistrar" />
192-->[com.google.firebase:firebase-storage:21.0.1] AndroidManifest.xml:32:17-82
193            <meta-data
193-->[com.google.firebase:firebase-storage:21.0.1] AndroidManifest.xml:33:13-35:85
194                android:name="com.google.firebase.components:com.google.firebase.storage.StorageRegistrar"
194-->[com.google.firebase:firebase-storage:21.0.1] AndroidManifest.xml:34:17-107
195                android:value="com.google.firebase.components.ComponentRegistrar" />
195-->[com.google.firebase:firebase-storage:21.0.1] AndroidManifest.xml:35:17-82
196            <meta-data
196-->[com.google.firebase:firebase-sessions:2.0.7] AndroidManifest.xml:29:13-31:85
197                android:name="com.google.firebase.components:com.google.firebase.sessions.FirebaseSessionsRegistrar"
197-->[com.google.firebase:firebase-sessions:2.0.7] AndroidManifest.xml:30:17-117
198                android:value="com.google.firebase.components.ComponentRegistrar" />
198-->[com.google.firebase:firebase-sessions:2.0.7] AndroidManifest.xml:31:17-82
199            <meta-data
199-->[com.google.firebase:firebase-config:22.1.0] AndroidManifest.xml:29:13-31:85
200                android:name="com.google.firebase.components:com.google.firebase.remoteconfig.FirebaseRemoteConfigKtxRegistrar"
200-->[com.google.firebase:firebase-config:22.1.0] AndroidManifest.xml:30:17-128
201                android:value="com.google.firebase.components.ComponentRegistrar" />
201-->[com.google.firebase:firebase-config:22.1.0] AndroidManifest.xml:31:17-82
202            <meta-data
202-->[com.google.firebase:firebase-config:22.1.0] AndroidManifest.xml:32:13-34:85
203                android:name="com.google.firebase.components:com.google.firebase.remoteconfig.RemoteConfigRegistrar"
203-->[com.google.firebase:firebase-config:22.1.0] AndroidManifest.xml:33:17-117
204                android:value="com.google.firebase.components.ComponentRegistrar" />
204-->[com.google.firebase:firebase-config:22.1.0] AndroidManifest.xml:34:17-82
205            <meta-data
205-->[com.google.firebase:firebase-installations:18.0.0] AndroidManifest.xml:15:13-17:85
206                android:name="com.google.firebase.components:com.google.firebase.installations.FirebaseInstallationsKtxRegistrar"
206-->[com.google.firebase:firebase-installations:18.0.0] AndroidManifest.xml:16:17-130
207                android:value="com.google.firebase.components.ComponentRegistrar" />
207-->[com.google.firebase:firebase-installations:18.0.0] AndroidManifest.xml:17:17-82
208            <meta-data
208-->[com.google.firebase:firebase-installations:18.0.0] AndroidManifest.xml:18:13-20:85
209                android:name="com.google.firebase.components:com.google.firebase.installations.FirebaseInstallationsRegistrar"
209-->[com.google.firebase:firebase-installations:18.0.0] AndroidManifest.xml:19:17-127
210                android:value="com.google.firebase.components.ComponentRegistrar" />
210-->[com.google.firebase:firebase-installations:18.0.0] AndroidManifest.xml:20:17-82
211            <meta-data
211-->[com.google.firebase:firebase-appcheck:18.0.0] AndroidManifest.xml:25:13-27:85
212                android:name="com.google.firebase.components:com.google.firebase.appcheck.FirebaseAppCheckKtxRegistrar"
212-->[com.google.firebase:firebase-appcheck:18.0.0] AndroidManifest.xml:26:17-120
213                android:value="com.google.firebase.components.ComponentRegistrar" />
213-->[com.google.firebase:firebase-appcheck:18.0.0] AndroidManifest.xml:27:17-82
214            <meta-data
214-->[com.google.firebase:firebase-appcheck:18.0.0] AndroidManifest.xml:28:13-30:85
215                android:name="com.google.firebase.components:com.google.firebase.appcheck.FirebaseAppCheckRegistrar"
215-->[com.google.firebase:firebase-appcheck:18.0.0] AndroidManifest.xml:29:17-117
216                android:value="com.google.firebase.components.ComponentRegistrar" />
216-->[com.google.firebase:firebase-appcheck:18.0.0] AndroidManifest.xml:30:17-82
217            <meta-data
217-->[com.google.firebase:firebase-common-ktx:21.0.0] AndroidManifest.xml:12:13-14:85
218                android:name="com.google.firebase.components:com.google.firebase.ktx.FirebaseCommonLegacyRegistrar"
218-->[com.google.firebase:firebase-common-ktx:21.0.0] AndroidManifest.xml:13:17-116
219                android:value="com.google.firebase.components.ComponentRegistrar" />
219-->[com.google.firebase:firebase-common-ktx:21.0.0] AndroidManifest.xml:14:17-82
220            <meta-data
220-->[com.google.firebase:firebase-common:21.0.0] AndroidManifest.xml:35:13-37:85
221                android:name="com.google.firebase.components:com.google.firebase.FirebaseCommonKtxRegistrar"
221-->[com.google.firebase:firebase-common:21.0.0] AndroidManifest.xml:36:17-109
222                android:value="com.google.firebase.components.ComponentRegistrar" />
222-->[com.google.firebase:firebase-common:21.0.0] AndroidManifest.xml:37:17-82
223            <meta-data
223-->[com.google.firebase:firebase-abt:21.1.1] AndroidManifest.xml:12:13-14:85
224                android:name="com.google.firebase.components:com.google.firebase.abt.component.AbtRegistrar"
224-->[com.google.firebase:firebase-abt:21.1.1] AndroidManifest.xml:13:17-109
225                android:value="com.google.firebase.components.ComponentRegistrar" />
225-->[com.google.firebase:firebase-abt:21.1.1] AndroidManifest.xml:14:17-82
226            <meta-data
226-->[com.google.firebase:firebase-datatransport:19.0.0] AndroidManifest.xml:25:13-27:85
227                android:name="com.google.firebase.components:com.google.firebase.datatransport.TransportRegistrar"
227-->[com.google.firebase:firebase-datatransport:19.0.0] AndroidManifest.xml:26:17-115
228                android:value="com.google.firebase.components.ComponentRegistrar" />
228-->[com.google.firebase:firebase-datatransport:19.0.0] AndroidManifest.xml:27:17-82
229        </service>
230        <service
230-->[:firebase_messaging] AndroidManifest.xml:14:9-17:72
231            android:name="io.flutter.plugins.firebase.messaging.FlutterFirebaseMessagingBackgroundService"
231-->[:firebase_messaging] AndroidManifest.xml:15:13-107
232            android:exported="false"
232-->[:firebase_messaging] AndroidManifest.xml:16:13-37
233            android:permission="android.permission.BIND_JOB_SERVICE" />
233-->[:firebase_messaging] AndroidManifest.xml:17:13-69
234        <service
234-->[:firebase_messaging] AndroidManifest.xml:18:9-24:19
235            android:name="io.flutter.plugins.firebase.messaging.FlutterFirebaseMessagingService"
235-->[:firebase_messaging] AndroidManifest.xml:19:13-97
236            android:exported="false" >
236-->[:firebase_messaging] AndroidManifest.xml:20:13-37
237            <intent-filter>
237-->[:firebase_messaging] AndroidManifest.xml:21:13-23:29
238                <action android:name="com.google.firebase.MESSAGING_EVENT" />
238-->[:firebase_messaging] AndroidManifest.xml:22:17-78
238-->[:firebase_messaging] AndroidManifest.xml:22:25-75
239            </intent-filter>
240        </service>
241
242        <receiver
242-->[:firebase_messaging] AndroidManifest.xml:26:9-33:20
243            android:name="io.flutter.plugins.firebase.messaging.FlutterFirebaseMessagingReceiver"
243-->[:firebase_messaging] AndroidManifest.xml:27:13-98
244            android:exported="true"
244-->[:firebase_messaging] AndroidManifest.xml:28:13-36
245            android:permission="com.google.android.c2dm.permission.SEND" >
245-->[:firebase_messaging] AndroidManifest.xml:29:13-73
246            <intent-filter>
246-->[:firebase_messaging] AndroidManifest.xml:30:13-32:29
247                <action android:name="com.google.android.c2dm.intent.RECEIVE" />
247-->[:firebase_messaging] AndroidManifest.xml:31:17-81
247-->[:firebase_messaging] AndroidManifest.xml:31:25-78
248            </intent-filter>
249        </receiver>
250
251        <provider
251-->[:firebase_messaging] AndroidManifest.xml:41:9-45:38
252            android:name="io.flutter.plugins.firebase.messaging.FlutterFirebaseMessagingInitProvider"
252-->[:firebase_messaging] AndroidManifest.xml:42:13-102
253            android:authorities="com.achdut.app.flutterfirebasemessaginginitprovider"
253-->[:firebase_messaging] AndroidManifest.xml:43:13-88
254            android:exported="false"
254-->[:firebase_messaging] AndroidManifest.xml:44:13-37
255            android:initOrder="99" />
255-->[:firebase_messaging] AndroidManifest.xml:45:13-35
256
257        <activity
257-->[com.google.firebase:firebase-auth:23.2.0] AndroidManifest.xml:29:9-46:20
258            android:name="com.google.firebase.auth.internal.GenericIdpActivity"
258-->[com.google.firebase:firebase-auth:23.2.0] AndroidManifest.xml:30:13-80
259            android:excludeFromRecents="true"
259-->[com.google.firebase:firebase-auth:23.2.0] AndroidManifest.xml:31:13-46
260            android:exported="true"
260-->[com.google.firebase:firebase-auth:23.2.0] AndroidManifest.xml:32:13-36
261            android:launchMode="singleTask"
261-->[com.google.firebase:firebase-auth:23.2.0] AndroidManifest.xml:33:13-44
262            android:theme="@android:style/Theme.Translucent.NoTitleBar" >
262-->[com.google.firebase:firebase-auth:23.2.0] AndroidManifest.xml:34:13-72
263            <intent-filter>
263-->[com.google.firebase:firebase-auth:23.2.0] AndroidManifest.xml:35:13-45:29
264                <action android:name="android.intent.action.VIEW" />
264-->src/main/AndroidManifest.xml:46:17-69
264-->src/main/AndroidManifest.xml:46:25-66
265
266                <category android:name="android.intent.category.DEFAULT" />
266-->src/main/AndroidManifest.xml:47:17-76
266-->src/main/AndroidManifest.xml:47:27-73
267                <category android:name="android.intent.category.BROWSABLE" />
267-->src/main/AndroidManifest.xml:48:17-78
267-->src/main/AndroidManifest.xml:48:27-75
268
269                <data
269-->src/main/AndroidManifest.xml:49:17-75
270                    android:host="firebase.auth"
270-->src/main/AndroidManifest.xml:49:47-72
271                    android:path="/"
272                    android:scheme="genericidp" />
272-->src/main/AndroidManifest.xml:49:23-46
273            </intent-filter>
274        </activity>
275        <activity
275-->[com.google.firebase:firebase-auth:23.2.0] AndroidManifest.xml:47:9-64:20
276            android:name="com.google.firebase.auth.internal.RecaptchaActivity"
276-->[com.google.firebase:firebase-auth:23.2.0] AndroidManifest.xml:48:13-79
277            android:excludeFromRecents="true"
277-->[com.google.firebase:firebase-auth:23.2.0] AndroidManifest.xml:49:13-46
278            android:exported="true"
278-->[com.google.firebase:firebase-auth:23.2.0] AndroidManifest.xml:50:13-36
279            android:launchMode="singleTask"
279-->[com.google.firebase:firebase-auth:23.2.0] AndroidManifest.xml:51:13-44
280            android:theme="@android:style/Theme.Translucent.NoTitleBar" >
280-->[com.google.firebase:firebase-auth:23.2.0] AndroidManifest.xml:52:13-72
281            <intent-filter>
281-->[com.google.firebase:firebase-auth:23.2.0] AndroidManifest.xml:53:13-63:29
282                <action android:name="android.intent.action.VIEW" />
282-->src/main/AndroidManifest.xml:46:17-69
282-->src/main/AndroidManifest.xml:46:25-66
283
284                <category android:name="android.intent.category.DEFAULT" />
284-->src/main/AndroidManifest.xml:47:17-76